FID EVALUATION

Real dataset: /mimer/NOBACKUP/priv/chair/echo_anouka_luismi/data/new/4class_imbalanced_38915/train
Samples evaluated: 10,000

Fake dataset: /mimer/NOBACKUP/priv/chair/echo_anouka_luismi/streamlined/synthetic_samples/4class_imbalanced_38915/PNG
Samples evaluated: 10,000

Results saved to:
/mimer/NOBACKUP/priv/chair/echo_anouka_luismi/streamlined/FID_logs/4class_imbalanced_38915/metrics_2023_05_01_090701.log

----------------------------------------------------------------------------------------------------

Subset 1
FID: 14.94
Precision: 0.80
Recall 0.56
Subset time: 0d 00h 00m 59s

Subset 2
FID: 14.84
Precision: 0.79
Recall 0.56
Subset time: 0d 00h 00m 29s

Subset 3
FID: 15.13
Precision: 0.79
Recall 0.56
Subset time: 0d 00h 00m 28s

Subset 4
FID: 14.85
Precision: 0.81
Recall 0.56
Subset time: 0d 00h 00m 29s

Subset 5
FID: 15.51
Precision: 0.80
Recall 0.56
Subset time: 0d 00h 00m 29s

----------------------------------------------------------------------------------------------------

Mean FID: 15.05 ± 0.25
Mean Precision: 0.80 ± 0.00
Mean Recall: 0.56 ± 0.00
Total run time: 0d 00h 02m 55s
