FID EVALUATION

Real dataset: /mimer/NOBACKUP/priv/chair/echo_anouka_luismi/data/final/val
Samples evaluated: 3,895

Fake dataset: /mimer/NOBACKUP/priv/chair/echo_anouka_luismi/streamlined/synthetic_samples/train_full/PNG
Samples evaluated: 10,000

Results saved to:
/mimer/NOBACKUP/priv/chair/echo_anouka_luismi/streamlined/FID_logs/train_full/metrics_2023_05_03_134845.log

----------------------------------------------------------------------------------------------------

Subset 1
FID: 90.29
Precision: 0.36
Recall 0.14
Subset time: 0d 00h 00m 49s

Subset 2
FID: 90.29
Precision: 0.36
Recall 0.14
Subset time: 0d 00h 00m 20s

Subset 3
FID: 90.29
Precision: 0.36
Recall 0.14
Subset time: 0d 00h 00m 20s

Subset 4
FID: 90.29
Precision: 0.36
Recall 0.14
Subset time: 0d 00h 00m 20s

Subset 5
FID: 90.29
Precision: 0.36
Recall 0.14
Subset time: 0d 00h 00m 20s

----------------------------------------------------------------------------------------------------

Mean FID: 90.29 ± 0.00
Mean Precision: 0.36 ± 0.00
Mean Recall: 0.14 ± 0.00
Total run time: 0d 00h 02m 08s
