FID EVALUATION

Real dataset: /mimer/NOBACKUP/priv/chair/echo_anouka_luismi/data/new/4class_balanced_10908/train
Samples evaluated: 8,724

Fake dataset: /mimer/NOBACKUP/priv/chair/echo_anouka_luismi/streamlined/synthetic_samples/4class_balanced_10908/PNG
Samples evaluated: 10,000

Results saved to:
/mimer/NOBACKUP/priv/chair/echo_anouka_luismi/streamlined/FID_logs/4class_balanced_10908/metrics_2023_05_01_090637.log

----------------------------------------------------------------------------------------------------

Subset 1
FID: 26.55
Precision: 0.74
Recall 0.27
Subset time: 0d 00h 00m 55s

Subset 2
FID: 26.55
Precision: 0.74
Recall 0.27
Subset time: 0d 00h 00m 26s

Subset 3
FID: 26.55
Precision: 0.74
Recall 0.27
Subset time: 0d 00h 00m 25s

Subset 4
FID: 26.55
Precision: 0.74
Recall 0.27
Subset time: 0d 00h 00m 25s

Subset 5
FID: 26.55
Precision: 0.74
Recall 0.27
Subset time: 0d 00h 00m 25s

----------------------------------------------------------------------------------------------------

Mean FID: 26.55 ± 0.00
Mean Precision: 0.74 ± 0.00
Mean Recall: 0.27 ± 0.00
Total run time: 0d 00h 02m 37s
