FID EVALUATION

Real dataset: /mimer/NOBACKUP/priv/chair/echo_anouka_luismi/data/new/4class_balanced_2720/train
Samples evaluated: 2,176

Fake dataset: /mimer/NOBACKUP/priv/chair/echo_anouka_luismi/streamlined/synthetic_samples/4class_balanced_2720/PNG
Samples evaluated: 10,000

Results saved to:
/mimer/NOBACKUP/priv/chair/echo_anouka_luismi/streamlined/FID_logs/4class_balanced_2720/metrics_2023_05_01_090555.log

----------------------------------------------------------------------------------------------------

Subset 1
FID: 9.15
Precision: 0.93
Recall 0.90
Subset time: 0d 00h 00m 48s

Subset 2
FID: 9.15
Precision: 0.93
Recall 0.90
Subset time: 0d 00h 00m 18s

Subset 3
FID: 9.15
Precision: 0.93
Recall 0.90
Subset time: 0d 00h 00m 18s

Subset 4
FID: 9.15
Precision: 0.93
Recall 0.90
Subset time: 0d 00h 00m 18s

Subset 5
FID: 9.15
Precision: 0.93
Recall 0.90
Subset time: 0d 00h 00m 18s

----------------------------------------------------------------------------------------------------

Mean FID: 9.15 ± 0.00
Mean Precision: 0.93 ± 0.00
Mean Recall: 0.90 ± 0.00
Total run time: 0d 00h 02m 00s
