FID EVALUATION

Real dataset: /mimer/NOBACKUP/priv/chair/echo_anouka_luismi/data/new/4class_balanced_5440/train
Samples evaluated: 4,352

Fake dataset: /mimer/NOBACKUP/priv/chair/echo_anouka_luismi/streamlined/synthetic_samples/4class_balanced_5440/PNG
Samples evaluated: 10,000

Results saved to:
/mimer/NOBACKUP/priv/chair/echo_anouka_luismi/streamlined/FID_logs/4class_balanced_5440/metrics_2023_05_01_090618.log

----------------------------------------------------------------------------------------------------

Subset 1
FID: 23.57
Precision: 0.81
Recall 0.53
Subset time: 0d 00h 00m 50s

Subset 2
FID: 23.57
Precision: 0.81
Recall 0.53
Subset time: 0d 00h 00m 21s

Subset 3
FID: 23.57
Precision: 0.81
Recall 0.53
Subset time: 0d 00h 00m 20s

Subset 4
FID: 23.57
Precision: 0.81
Recall 0.53
Subset time: 0d 00h 00m 21s

Subset 5
FID: 23.57
Precision: 0.81
Recall 0.53
Subset time: 0d 00h 00m 20s

----------------------------------------------------------------------------------------------------

Mean FID: 23.57 ± 0.00
Mean Precision: 0.81 ± 0.00
Mean Recall: 0.53 ± 0.00
Total run time: 0d 00h 02m 12s
