FID EVALUATION

Real dataset: /mimer/NOBACKUP/priv/chair/echo_anouka_luismi/data/final/val
Samples evaluated: 3,895

Fake dataset: /mimer/NOBACKUP/priv/chair/echo_anouka_luismi/streamlined/synthetic_samples/train_8000/PNG
Samples evaluated: 10,000

Results saved to:
/mimer/NOBACKUP/priv/chair/echo_anouka_luismi/streamlined/FID_logs/train_8000/metrics_2023_05_03_134845.log

----------------------------------------------------------------------------------------------------

Subset 1
FID: 138.68
Precision: 0.26
Recall 0.07
Subset time: 0d 00h 00m 53s

Subset 2
FID: 138.68
Precision: 0.26
Recall 0.07
Subset time: 0d 00h 00m 22s

Subset 3
FID: 138.68
Precision: 0.26
Recall 0.07
Subset time: 0d 00h 00m 23s

Subset 4
FID: 138.68
Precision: 0.26
Recall 0.07
Subset time: 0d 00h 00m 23s

Subset 5
FID: 138.68
Precision: 0.26
Recall 0.07
Subset time: 0d 00h 00m 23s

----------------------------------------------------------------------------------------------------

Mean FID: 138.68 ± 0.00
Mean Precision: 0.26 ± 0.00
Mean Recall: 0.07 ± 0.00
Total run time: 0d 00h 02m 24s
