FID EVALUATION

Real dataset: /mimer/NOBACKUP/priv/chair/echo_anouka_luismi/data/processed_split/Dynamic_LVH_TMED2_split_rebalanced_random_4class_Classification/train
Samples evaluated: 10,000

Fake dataset: /mimer/NOBACKUP/priv/chair/echo_anouka_luismi/data/processed_split/Dynamic_LVH_TMED2_split_rebalanced_random_4class_Classification/val
Samples evaluated: 3,895

Results saved to:
/mimer/NOBACKUP/priv/chair/echo_anouka_luismi/streamlined/FID_logs/metrics_2023_04_24_110625.log

----------------------------------------------------------------------------------------------------

Subset 1
FID: 4.82
Precision: 0.72
Recall 0.70
Subset time: 0d 00h 00m 49s

Subset 2
FID: 4.76
Precision: 0.71
Recall 0.69
Subset time: 0d 00h 00m 20s

Subset 3
FID: 4.82
Precision: 0.72
Recall 0.69
Subset time: 0d 00h 00m 20s

Subset 4
FID: 4.79
Precision: 0.71
Recall 0.69
Subset time: 0d 00h 00m 20s

Subset 5
FID: 4.77
Precision: 0.72
Recall 0.70
Subset time: 0d 00h 00m 20s

----------------------------------------------------------------------------------------------------

Mean FID: 4.79 ± 0.03
Mean Precision: 0.71 ± 0.00
Mean Recall: 0.69 ± 0.00
Total run time: 0d 00h 02m 10s
