FID EVALUATION

Real dataset: /mimer/NOBACKUP/priv/chair/echo_anouka_luismi/data/processed_split/Dynamic_LVH_TMED2_split_rebalanced_random_4class_Classification/train
Samples evaluated: 10,000

Fake dataset: /mimer/NOBACKUP/priv/chair/echo_anouka_luismi/data/processed_split/Dynamic_LVH_TMED2_split_rebalanced_random_4class_Classification/train
Samples evaluated: 10,000

Results saved to:
/mimer/NOBACKUP/priv/chair/echo_anouka_luismi/streamlined/FID_logs/metrics_2023_04_26_114429.log

----------------------------------------------------------------------------------------------------

Subset 1
FID: 1.63
Precision: 0.83
Recall 0.83
Subset time: 0d 00h 00m 57s

Subset 2
FID: 1.65
Precision: 0.83
Recall 0.82
Subset time: 0d 00h 00m 27s

Subset 3
FID: 1.59
Precision: 0.82
Recall 0.84
Subset time: 0d 00h 00m 27s

Subset 4
FID: 1.64
Precision: 0.83
Recall 0.82
Subset time: 0d 00h 00m 27s

Subset 5
FID: 1.61
Precision: 0.83
Recall 0.83
Subset time: 0d 00h 00m 27s

----------------------------------------------------------------------------------------------------

Mean FID: 1.62 ± 0.02
Mean Precision: 0.83 ± 0.00
Mean Recall: 0.83 ± 0.01
Total run time: 0d 00h 02m 47s
