FID EVALUATION

Real dataset: /mimer/NOBACKUP/priv/chair/echo_anouka_luismi/data/processed_split/Dynamic_LVH_TMED2_split_rebalanced_random_4class_Classification/train
Samples evaluated: 10,000

Fake dataset: /mimer/NOBACKUP/priv/chair/echo_anouka_luismi/streamlined/saved_models/example_test/A100:4/samples/50k_ema_0.9999_057000/PNG
Samples evaluated: 10,000

Results saved to:
/mimer/NOBACKUP/priv/chair/echo_anouka_luismi/streamlined/FID_logs/metrics_2023_04_24_110607.log

----------------------------------------------------------------------------------------------------

Subset 1
FID: 10.66
Precision: 0.79
Recall 0.58
Subset time: 0d 00h 00m 57s

Subset 2
FID: 9.96
Precision: 0.79
Recall 0.59
Subset time: 0d 00h 00m 27s

Subset 3
FID: 9.85
Precision: 0.79
Recall 0.59
Subset time: 0d 00h 00m 27s

Subset 4
FID: 10.16
Precision: 0.78
Recall 0.60
Subset time: 0d 00h 00m 27s

Subset 5
FID: 10.41
Precision: 0.79
Recall 0.60
Subset time: 0d 00h 00m 27s

----------------------------------------------------------------------------------------------------

Mean FID: 10.21 ± 0.30
Mean Precision: 0.79 ± 0.00
Mean Recall: 0.59 ± 0.00
Total run time: 0d 00h 02m 46s
