FID EVALUATION

Real dataset: /mimer/NOBACKUP/priv/chair/echo_anouka_luismi/data/processed_split/Dynamic_LVH_TMED2_split_rebalanced_random_4class_Classification/val
Samples evaluated: 3,895

Fake dataset: /mimer/NOBACKUP/priv/chair/echo_anouka_luismi/streamlined/saved_models/example_test/A100:4/samples/50k_ema_0.9999_057000/PNG
Samples evaluated: 10,000

Results saved to:
/mimer/NOBACKUP/priv/chair/echo_anouka_luismi/streamlined/FID_logs/metrics_2023_04_24_110615.log

----------------------------------------------------------------------------------------------------

Subset 1
FID: 12.56
Precision: 0.75
Recall 0.59
Subset time: 0d 00h 00m 49s

Subset 2
FID: 12.89
Precision: 0.75
Recall 0.59
Subset time: 0d 00h 00m 20s

Subset 3
FID: 12.74
Precision: 0.74
Recall 0.60
Subset time: 0d 00h 00m 20s

Subset 4
FID: 12.46
Precision: 0.75
Recall 0.58
Subset time: 0d 00h 00m 20s

Subset 5
FID: 12.77
Precision: 0.74
Recall 0.59
Subset time: 0d 00h 00m 20s

----------------------------------------------------------------------------------------------------

Mean FID: 12.68 ± 0.15
Mean Precision: 0.75 ± 0.00
Mean Recall: 0.59 ± 0.01
Total run time: 0d 00h 02m 09s
