FID EVALUATION

Real dataset: /mimer/NOBACKUP/priv/chair/echo_anouka_luismi/data/new/4class_imbalanced_38915/train
Samples evaluated: 31,130

Fake dataset: /mimer/NOBACKUP/priv/chair/echo_anouka_luismi/streamlined/synthetic_samples/4class_imbalanced_38915/PNG
Samples evaluated: 10,000

Results saved to:
/mimer/NOBACKUP/priv/chair/echo_anouka_luismi/streamlined/FID_logs/metrics_2023_05_01_141801.log

----------------------------------------------------------------------------------------------------

Subset 1
FID: 14.43
Precision: 0.77
Recall 0.56
Subset time: 0d 00h 01m 22s

Subset 2
FID: 14.43
Precision: 0.77
Recall 0.56
Subset time: 0d 00h 00m 51s

Subset 3
FID: 14.43
Precision: 0.77
Recall 0.56
Subset time: 0d 00h 00m 51s

Subset 4
FID: 14.43
Precision: 0.77
Recall 0.56
Subset time: 0d 00h 00m 51s

Subset 5
FID: 14.43
Precision: 0.77
Recall 0.56
Subset time: 0d 00h 00m 51s

----------------------------------------------------------------------------------------------------

Mean FID: 14.43 ± 0.00
Mean Precision: 0.77 ± 0.00
Mean Recall: 0.56 ± 0.00
Total run time: 0d 00h 04m 48s
